2021-01-17 02:48:45.689  INFO LAPTOP-1KVCADPT
			--- [ment.App.main()] c.n.i.App                                : Starting App on LAPTOP-1KVCADPT with PID 7788 (C:\Users\naida\eclipse-workspace\inventoryManagement\target\classes started by naida in C:\Users\naida\eclipse-workspace\inventoryManagement)
2021-01-17 02:48:45.711  INFO LAPTOP-1KVCADPT
			--- [ment.App.main()] ationConfigEmbeddedWebApplicationContext : Refreshing org.springframework.boot.context.embedded.AnnotationConfigEmbeddedWebApplicationContext@74c71cd4: startup date [Sun Jan 17 02:48:45 PST 2021]; root of context hierarchy
2021-01-17 02:48:46.099  INFO LAPTOP-1KVCADPT
			--- [ment.App.main()] o.s.b.f.s.DefaultListableBeanFactory     : Overriding bean definition for bean 'beanNameViewResolver': replacing [Root bean: class [null]; scope=; abstract=false; lazyInit=false; autowireMode=3; dependencyCheck=0; autowireCandidate=true; primary=false; factoryBeanName=org.springframework.boot.autoconfigure.web.ErrorMvcAutoConfiguration$WhitelabelErrorViewConfiguration; factoryMethodName=beanNameViewResolver; initMethodName=null; destroyMethodName=(inferred); defined in class path resource [org/springframework/boot/autoconfigure/web/ErrorMvcAutoConfiguration$WhitelabelErrorViewConfiguration.class]] with [Root bean: class [null]; scope=; abstract=false; lazyInit=false; autowireMode=3; dependencyCheck=0; autowireCandidate=true; primary=false; factoryBeanName=org.springframework.boot.autoconfigure.web.WebMvcAutoConfiguration$WebMvcAutoConfigurationAdapter; factoryMethodName=beanNameViewResolver; initMethodName=null; destroyMethodName=(inferred); defined in class path resource [org/springframework/boot/autoconfigure/web/WebMvcAutoConfiguration$WebMvcAutoConfigurationAdapter.class]]
2021-01-17 02:48:46.381  INFO LAPTOP-1KVCADPT
			--- [ment.App.main()] o.h.v.i.u.Version                        : HV000001: Hibernate Validator 5.1.3.Final
2021-01-17 02:48:46.504  INFO LAPTOP-1KVCADPT
			--- [ment.App.main()] trationDelegate$BeanPostProcessorChecker : Bean 'org.springframework.transaction.annotation.ProxyTransactionManagementConfiguration' of type [class org.springframework.transaction.annotation.ProxyTransactionManagementConfiguration$$EnhancerBySpringCGLIB$$86ccf09] is not eligible for getting processed by all BeanPostProcessors (for example: not eligible for auto-proxying)
2021-01-17 02:48:46.523  INFO LAPTOP-1KVCADPT
			--- [ment.App.main()] trationDelegate$BeanPostProcessorChecker : Bean 'transactionAttributeSource' of type [class org.springframework.transaction.annotation.AnnotationTransactionAttributeSource] is not eligible for getting processed by all BeanPostProcessors (for example: not eligible for auto-proxying)
2021-01-17 02:48:46.532  INFO LAPTOP-1KVCADPT
			--- [ment.App.main()] trationDelegate$BeanPostProcessorChecker : Bean 'transactionInterceptor' of type [class org.springframework.transaction.interceptor.TransactionInterceptor] is not eligible for getting processed by all BeanPostProcessors (for example: not eligible for auto-proxying)
2021-01-17 02:48:46.538  INFO LAPTOP-1KVCADPT
			--- [ment.App.main()] trationDelegate$BeanPostProcessorChecker : Bean 'org.springframework.transaction.config.internalTransactionAdvisor' of type [class org.springframework.transaction.interceptor.BeanFactoryTransactionAttributeSourceAdvisor] is not eligible for getting processed by all BeanPostProcessors (for example: not eligible for auto-proxying)
2021-01-17 02:48:46.911  INFO LAPTOP-1KVCADPT
			--- [ment.App.main()] s.b.c.e.t.TomcatEmbeddedServletContainer : Tomcat initialized with port(s): 8080 (http)
2021-01-17 02:48:46.986  INFO LAPTOP-1KVCADPT
			--- [ment.App.main()] o.a.c.c.StandardService                  : Starting service Tomcat
2021-01-17 02:48:46.988  INFO LAPTOP-1KVCADPT
			--- [ment.App.main()] o.a.c.c.StandardEngine                   : Starting Servlet Engine: Apache Tomcat/8.0.26
2021-01-17 02:48:47.114  INFO LAPTOP-1KVCADPT
			--- [ost-startStop-1] o.a.c.c.C.[.[.[/]                        : Initializing Spring embedded WebApplicationContext
2021-01-17 02:48:47.115  INFO LAPTOP-1KVCADPT
			--- [ost-startStop-1] o.s.w.c.ContextLoader                    : Root WebApplicationContext: initialization completed in 1406 ms
2021-01-17 02:48:47.491  INFO LAPTOP-1KVCADPT
			--- [ost-startStop-1] o.s.b.c.e.ServletRegistrationBean        : Mapping servlet: 'dispatcherServlet' to [/]
2021-01-17 02:48:47.495  INFO LAPTOP-1KVCADPT
			--- [ost-startStop-1] o.s.b.c.e.FilterRegistrationBean         : Mapping filter: 'characterEncodingFilter' to: [/*]
2021-01-17 02:48:47.495  INFO LAPTOP-1KVCADPT
			--- [ost-startStop-1] o.s.b.c.e.FilterRegistrationBean         : Mapping filter: 'hiddenHttpMethodFilter' to: [/*]
2021-01-17 02:48:47.628  INFO LAPTOP-1KVCADPT
			--- [ment.App.main()] j.LocalContainerEntityManagerFactoryBean : Building JPA container EntityManagerFactory for persistence unit 'default'
2021-01-17 02:48:47.638  INFO LAPTOP-1KVCADPT
			--- [ment.App.main()] o.h.j.i.u.LogHelper                      : HHH000204: Processing PersistenceUnitInfo [
	name: default
	...]
2021-01-17 02:48:47.695  INFO LAPTOP-1KVCADPT
			--- [ment.App.main()] o.h.Version                              : HHH000412: Hibernate Core {4.3.11.Final}
2021-01-17 02:48:47.697  INFO LAPTOP-1KVCADPT
			--- [ment.App.main()] o.h.c.Environment                        : HHH000206: hibernate.properties not found
2021-01-17 02:48:47.700  INFO LAPTOP-1KVCADPT
			--- [ment.App.main()] o.h.c.Environment                        : HHH000021: Bytecode provider name : javassist
2021-01-17 02:48:47.836  INFO LAPTOP-1KVCADPT
			--- [ment.App.main()] o.h.a.c.Version                          : HCANN000001: Hibernate Commons Annotations {4.0.5.Final}
2021-01-17 02:48:48.669 ERROR LAPTOP-1KVCADPT
			--- [ment.App.main()] o.a.t.j.p.ConnectionPool                 : Unable to create initial connections of pool.
java.sql.SQLSyntaxErrorException: Unknown database 'inventory_api'
	at com.mysql.cj.jdbc.exceptions.SQLError.createSQLException(SQLError.java:120)
	at com.mysql.cj.jdbc.exceptions.SQLError.createSQLException(SQLError.java:97)
	at com.mysql.cj.jdbc.exceptions.SQLExceptionsMapping.translateException(SQLExceptionsMapping.java:122)
	at com.mysql.cj.jdbc.ConnectionImpl.createNewIO(ConnectionImpl.java:835)
	at com.mysql.cj.jdbc.ConnectionImpl.<init>(ConnectionImpl.java:455)
	at com.mysql.cj.jdbc.ConnectionImpl.getInstance(ConnectionImpl.java:240)
	at com.mysql.cj.jdbc.NonRegisteringDriver.connect(NonRegisteringDriver.java:207)
	at org.apache.tomcat.jdbc.pool.PooledConnection.connectUsingDriver(PooledConnection.java:307)
	at org.apache.tomcat.jdbc.pool.PooledConnection.connect(PooledConnection.java:200)
	at org.apache.tomcat.jdbc.pool.ConnectionPool.createConnection(ConnectionPool.java:704)
	at org.apache.tomcat.jdbc.pool.ConnectionPool.borrowConnection(ConnectionPool.java:638)
	at org.apache.tomcat.jdbc.pool.ConnectionPool.init(ConnectionPool.java:483)
	at org.apache.tomcat.jdbc.pool.ConnectionPool.<init>(ConnectionPool.java:141)
	at org.apache.tomcat.jdbc.pool.DataSourceProxy.pCreatePool(DataSourceProxy.java:115)
	at org.apache.tomcat.jdbc.pool.DataSourceProxy.createPool(DataSourceProxy.java:102)
	at org.apache.tomcat.jdbc.pool.DataSourceProxy.getConnection(DataSourceProxy.java:126)
	at org.hibernate.engine.jdbc.connections.internal.DatasourceConnectionProviderImpl.getConnection(DatasourceConnectionProviderImpl.java:139)
	at org.hibernate.engine.jdbc.internal.JdbcServicesImpl$ConnectionProviderJdbcConnectionAccess.obtainConnection(JdbcServicesImpl.java:279)
	at org.hibernate.engine.jdbc.internal.JdbcServicesImpl.configure(JdbcServicesImpl.java:124)
	at org.hibernate.boot.registry.internal.StandardServiceRegistryImpl.configureService(StandardServiceRegistryImpl.java:111)
	at org.hibernate.service.internal.AbstractServiceRegistryImpl.initializeService(AbstractServiceRegistryImpl.java:234)
	at org.hibernate.service.internal.AbstractServiceRegistryImpl.getService(AbstractServiceRegistryImpl.java:206)
	at org.hibernate.cfg.Configuration.buildTypeRegistrations(Configuration.java:1887)
	at org.hibernate.cfg.Configuration.buildSessionFactory(Configuration.java:1845)
	at org.hibernate.jpa.boot.internal.EntityManagerFactoryBuilderImpl$4.perform(EntityManagerFactoryBuilderImpl.java:857)
	at org.hibernate.jpa.boot.internal.EntityManagerFactoryBuilderImpl$4.perform(EntityManagerFactoryBuilderImpl.java:850)
	at org.hibernate.boot.registry.classloading.internal.ClassLoaderServiceImpl.withTccl(ClassLoaderServiceImpl.java:425)
	at org.hibernate.jpa.boot.internal.EntityManagerFactoryBuilderImpl.build(EntityManagerFactoryBuilderImpl.java:849)
	at org.springframework.orm.jpa.vendor.SpringHibernateJpaPersistenceProvider.createContainerEntityManagerFactory(SpringHibernateJpaPersistenceProvider.java:60)
	at org.springframework.orm.jpa.LocalContainerEntityManagerFactoryBean.createNativeEntityManagerFactory(LocalContainerEntityManagerFactoryBean.java:343)
	at org.springframework.orm.jpa.AbstractEntityManagerFactoryBean.afterPropertiesSet(AbstractEntityManagerFactoryBean.java:318)
	at org.springframework.beans.factory.support.AbstractAutowireCapableBeanFactory.invokeInitMethods(AbstractAutowireCapableBeanFactory.java:1633)
	at org.springframework.beans.factory.support.AbstractAutowireCapableBeanFactory.initializeBean(AbstractAutowireCapableBeanFactory.java:1570)
	at org.springframework.beans.factory.support.AbstractAutowireCapableBeanFactory.doCreateBean(AbstractAutowireCapableBeanFactory.java:539)
	at org.springframework.beans.factory.support.AbstractAutowireCapableBeanFactory.createBean(AbstractAutowireCapableBeanFactory.java:476)
	at org.springframework.beans.factory.support.AbstractBeanFactory$1.getObject(AbstractBeanFactory.java:303)
	at org.springframework.beans.factory.support.DefaultSingletonBeanRegistry.getSingleton(DefaultSingletonBeanRegistry.java:230)
	at org.springframework.beans.factory.support.AbstractBeanFactory.doGetBean(AbstractBeanFactory.java:299)
	at org.springframework.beans.factory.support.AbstractBeanFactory.getBean(AbstractBeanFactory.java:194)
	at org.springframework.context.support.AbstractApplicationContext.getBean(AbstractApplicationContext.java:956)
	at org.springframework.context.support.AbstractApplicationContext.finishBeanFactoryInitialization(AbstractApplicationContext.java:747)
	at org.springframework.context.support.AbstractApplicationContext.refresh(AbstractApplicationContext.java:480)
	at org.springframework.boot.context.embedded.EmbeddedWebApplicationContext.refresh(EmbeddedWebApplicationContext.java:118)
	at org.springframework.boot.SpringApplication.refresh(SpringApplication.java:687)
	at org.springframework.boot.SpringApplication.run(SpringApplication.java:321)
	at org.springframework.boot.SpringApplication.run(SpringApplication.java:967)
	at org.springframework.boot.SpringApplication.run(SpringApplication.java:956)
	at com.naidachang.inventoryManagement.App.main(App.java:13)
	at sun.reflect.NativeMethodAccessorImpl.invoke0(Native Method)
	at sun.reflect.NativeMethodAccessorImpl.invoke(Unknown Source)
	at sun.reflect.DelegatingMethodAccessorImpl.invoke(Unknown Source)
	at java.lang.reflect.Method.invoke(Unknown Source)
	at org.springframework.boot.maven.RunMojo$LaunchRunner.run(RunMojo.java:418)
	at java.lang.Thread.run(Unknown Source)
2021-01-17 02:48:48.708  WARN LAPTOP-1KVCADPT
			--- [ment.App.main()] o.h.e.j.i.JdbcServicesImpl               : HHH000342: Could not obtain connection to query metadata : Unknown database 'inventory_api'
2021-01-17 02:48:48.720  INFO LAPTOP-1KVCADPT
			--- [ment.App.main()] o.h.d.Dialect                            : HHH000400: Using dialect: org.hibernate.dialect.MySQL5Dialect
2021-01-17 02:48:48.731  INFO LAPTOP-1KVCADPT
			--- [ment.App.main()] o.h.e.j.i.LobCreatorBuilder              : HHH000422: Disabling contextual LOB creation as connection was null
2021-01-17 02:48:48.894  INFO LAPTOP-1KVCADPT
			--- [ment.App.main()] o.h.h.i.a.ASTQueryTranslatorFactory      : HHH000397: Using ASTQueryTranslatorFactory
2021-01-17 02:48:49.152  INFO LAPTOP-1KVCADPT
			--- [ment.App.main()] o.h.t.h.SchemaExport                     : HHH000227: Running hbm2ddl schema export
2021-01-17 02:48:49.170 ERROR LAPTOP-1KVCADPT
			--- [ment.App.main()] o.a.t.j.p.ConnectionPool                 : Unable to create initial connections of pool.
java.sql.SQLSyntaxErrorException: Unknown database 'inventory_api'
	at com.mysql.cj.jdbc.exceptions.SQLError.createSQLException(SQLError.java:120)
	at com.mysql.cj.jdbc.exceptions.SQLError.createSQLException(SQLError.java:97)
	at com.mysql.cj.jdbc.exceptions.SQLExceptionsMapping.translateException(SQLExceptionsMapping.java:122)
	at com.mysql.cj.jdbc.ConnectionImpl.createNewIO(ConnectionImpl.java:835)
	at com.mysql.cj.jdbc.ConnectionImpl.<init>(ConnectionImpl.java:455)
	at com.mysql.cj.jdbc.ConnectionImpl.getInstance(ConnectionImpl.java:240)
	at com.mysql.cj.jdbc.NonRegisteringDriver.connect(NonRegisteringDriver.java:207)
	at org.apache.tomcat.jdbc.pool.PooledConnection.connectUsingDriver(PooledConnection.java:307)
	at org.apache.tomcat.jdbc.pool.PooledConnection.connect(PooledConnection.java:200)
	at org.apache.tomcat.jdbc.pool.ConnectionPool.createConnection(ConnectionPool.java:704)
	at org.apache.tomcat.jdbc.pool.ConnectionPool.borrowConnection(ConnectionPool.java:638)
	at org.apache.tomcat.jdbc.pool.ConnectionPool.init(ConnectionPool.java:483)
	at org.apache.tomcat.jdbc.pool.ConnectionPool.<init>(ConnectionPool.java:141)
	at org.apache.tomcat.jdbc.pool.DataSourceProxy.pCreatePool(DataSourceProxy.java:115)
	at org.apache.tomcat.jdbc.pool.DataSourceProxy.createPool(DataSourceProxy.java:102)
	at org.apache.tomcat.jdbc.pool.DataSourceProxy.getConnection(DataSourceProxy.java:126)
	at org.hibernate.engine.jdbc.connections.internal.DatasourceConnectionProviderImpl.getConnection(DatasourceConnectionProviderImpl.java:139)
	at org.hibernate.tool.hbm2ddl.SuppliedConnectionProviderConnectionHelper.prepare(SuppliedConnectionProviderConnectionHelper.java:51)
	at org.hibernate.tool.hbm2ddl.DatabaseExporter.<init>(DatabaseExporter.java:52)
	at org.hibernate.tool.hbm2ddl.SchemaExport.execute(SchemaExport.java:368)
	at org.hibernate.tool.hbm2ddl.SchemaExport.create(SchemaExport.java:305)
	at org.hibernate.tool.hbm2ddl.SchemaExport.create(SchemaExport.java:294)
	at org.hibernate.internal.SessionFactoryImpl.<init>(SessionFactoryImpl.java:517)
	at org.hibernate.cfg.Configuration.buildSessionFactory(Configuration.java:1859)
	at org.hibernate.jpa.boot.internal.EntityManagerFactoryBuilderImpl$4.perform(EntityManagerFactoryBuilderImpl.java:857)
	at org.hibernate.jpa.boot.internal.EntityManagerFactoryBuilderImpl$4.perform(EntityManagerFactoryBuilderImpl.java:850)
	at org.hibernate.boot.registry.classloading.internal.ClassLoaderServiceImpl.withTccl(ClassLoaderServiceImpl.java:425)
	at org.hibernate.jpa.boot.internal.EntityManagerFactoryBuilderImpl.build(EntityManagerFactoryBuilderImpl.java:849)
	at org.springframework.orm.jpa.vendor.SpringHibernateJpaPersistenceProvider.createContainerEntityManagerFactory(SpringHibernateJpaPersistenceProvider.java:60)
	at org.springframework.orm.jpa.LocalContainerEntityManagerFactoryBean.createNativeEntityManagerFactory(LocalContainerEntityManagerFactoryBean.java:343)
	at org.springframework.orm.jpa.AbstractEntityManagerFactoryBean.afterPropertiesSet(AbstractEntityManagerFactoryBean.java:318)
	at org.springframework.beans.factory.support.AbstractAutowireCapableBeanFactory.invokeInitMethods(AbstractAutowireCapableBeanFactory.java:1633)
	at org.springframework.beans.factory.support.AbstractAutowireCapableBeanFactory.initializeBean(AbstractAutowireCapableBeanFactory.java:1570)
	at org.springframework.beans.factory.support.AbstractAutowireCapableBeanFactory.doCreateBean(AbstractAutowireCapableBeanFactory.java:539)
	at org.springframework.beans.factory.support.AbstractAutowireCapableBeanFactory.createBean(AbstractAutowireCapableBeanFactory.java:476)
	at org.springframework.beans.factory.support.AbstractBeanFactory$1.getObject(AbstractBeanFactory.java:303)
	at org.springframework.beans.factory.support.DefaultSingletonBeanRegistry.getSingleton(DefaultSingletonBeanRegistry.java:230)
	at org.springframework.beans.factory.support.AbstractBeanFactory.doGetBean(AbstractBeanFactory.java:299)
	at org.springframework.beans.factory.support.AbstractBeanFactory.getBean(AbstractBeanFactory.java:194)
	at org.springframework.context.support.AbstractApplicationContext.getBean(AbstractApplicationContext.java:956)
	at org.springframework.context.support.AbstractApplicationContext.finishBeanFactoryInitialization(AbstractApplicationContext.java:747)
	at org.springframework.context.support.AbstractApplicationContext.refresh(AbstractApplicationContext.java:480)
	at org.springframework.boot.context.embedded.EmbeddedWebApplicationContext.refresh(EmbeddedWebApplicationContext.java:118)
	at org.springframework.boot.SpringApplication.refresh(SpringApplication.java:687)
	at org.springframework.boot.SpringApplication.run(SpringApplication.java:321)
	at org.springframework.boot.SpringApplication.run(SpringApplication.java:967)
	at org.springframework.boot.SpringApplication.run(SpringApplication.java:956)
	at com.naidachang.inventoryManagement.App.main(App.java:13)
	at sun.reflect.NativeMethodAccessorImpl.invoke0(Native Method)
	at sun.reflect.NativeMethodAccessorImpl.invoke(Unknown Source)
	at sun.reflect.DelegatingMethodAccessorImpl.invoke(Unknown Source)
	at java.lang.reflect.Method.invoke(Unknown Source)
	at org.springframework.boot.maven.RunMojo$LaunchRunner.run(RunMojo.java:418)
	at java.lang.Thread.run(Unknown Source)
2021-01-17 02:48:49.191 ERROR LAPTOP-1KVCADPT
			--- [ment.App.main()] o.h.t.h.SchemaExport                     : HHH000231: Schema export unsuccessful
java.sql.SQLSyntaxErrorException: Unknown database 'inventory_api'
	at com.mysql.cj.jdbc.exceptions.SQLError.createSQLException(SQLError.java:120)
	at com.mysql.cj.jdbc.exceptions.SQLError.createSQLException(SQLError.java:97)
	at com.mysql.cj.jdbc.exceptions.SQLExceptionsMapping.translateException(SQLExceptionsMapping.java:122)
	at com.mysql.cj.jdbc.ConnectionImpl.createNewIO(ConnectionImpl.java:835)
	at com.mysql.cj.jdbc.ConnectionImpl.<init>(ConnectionImpl.java:455)
	at com.mysql.cj.jdbc.ConnectionImpl.getInstance(ConnectionImpl.java:240)
	at com.mysql.cj.jdbc.NonRegisteringDriver.connect(NonRegisteringDriver.java:207)
	at org.apache.tomcat.jdbc.pool.PooledConnection.connectUsingDriver(PooledConnection.java:307)
	at org.apache.tomcat.jdbc.pool.PooledConnection.connect(PooledConnection.java:200)
	at org.apache.tomcat.jdbc.pool.ConnectionPool.createConnection(ConnectionPool.java:704)
	at org.apache.tomcat.jdbc.pool.ConnectionPool.borrowConnection(ConnectionPool.java:638)
	at org.apache.tomcat.jdbc.pool.ConnectionPool.init(ConnectionPool.java:483)
	at org.apache.tomcat.jdbc.pool.ConnectionPool.<init>(ConnectionPool.java:141)
	at org.apache.tomcat.jdbc.pool.DataSourceProxy.pCreatePool(DataSourceProxy.java:115)
	at org.apache.tomcat.jdbc.pool.DataSourceProxy.createPool(DataSourceProxy.java:102)
	at org.apache.tomcat.jdbc.pool.DataSourceProxy.getConnection(DataSourceProxy.java:126)
	at org.hibernate.engine.jdbc.connections.internal.DatasourceConnectionProviderImpl.getConnection(DatasourceConnectionProviderImpl.java:139)
	at org.hibernate.tool.hbm2ddl.SuppliedConnectionProviderConnectionHelper.prepare(SuppliedConnectionProviderConnectionHelper.java:51)
	at org.hibernate.tool.hbm2ddl.DatabaseExporter.<init>(DatabaseExporter.java:52)
	at org.hibernate.tool.hbm2ddl.SchemaExport.execute(SchemaExport.java:368)
	at org.hibernate.tool.hbm2ddl.SchemaExport.create(SchemaExport.java:305)
	at org.hibernate.tool.hbm2ddl.SchemaExport.create(SchemaExport.java:294)
	at org.hibernate.internal.SessionFactoryImpl.<init>(SessionFactoryImpl.java:517)
	at org.hibernate.cfg.Configuration.buildSessionFactory(Configuration.java:1859)
	at org.hibernate.jpa.boot.internal.EntityManagerFactoryBuilderImpl$4.perform(EntityManagerFactoryBuilderImpl.java:857)
	at org.hibernate.jpa.boot.internal.EntityManagerFactoryBuilderImpl$4.perform(EntityManagerFactoryBuilderImpl.java:850)
	at org.hibernate.boot.registry.classloading.internal.ClassLoaderServiceImpl.withTccl(ClassLoaderServiceImpl.java:425)
	at org.hibernate.jpa.boot.internal.EntityManagerFactoryBuilderImpl.build(EntityManagerFactoryBuilderImpl.java:849)
	at org.springframework.orm.jpa.vendor.SpringHibernateJpaPersistenceProvider.createContainerEntityManagerFactory(SpringHibernateJpaPersistenceProvider.java:60)
	at org.springframework.orm.jpa.LocalContainerEntityManagerFactoryBean.createNativeEntityManagerFactory(LocalContainerEntityManagerFactoryBean.java:343)
	at org.springframework.orm.jpa.AbstractEntityManagerFactoryBean.afterPropertiesSet(AbstractEntityManagerFactoryBean.java:318)
	at org.springframework.beans.factory.support.AbstractAutowireCapableBeanFactory.invokeInitMethods(AbstractAutowireCapableBeanFactory.java:1633)
	at org.springframework.beans.factory.support.AbstractAutowireCapableBeanFactory.initializeBean(AbstractAutowireCapableBeanFactory.java:1570)
	at org.springframework.beans.factory.support.AbstractAutowireCapableBeanFactory.doCreateBean(AbstractAutowireCapableBeanFactory.java:539)
	at org.springframework.beans.factory.support.AbstractAutowireCapableBeanFactory.createBean(AbstractAutowireCapableBeanFactory.java:476)
	at org.springframework.beans.factory.support.AbstractBeanFactory$1.getObject(AbstractBeanFactory.java:303)
	at org.springframework.beans.factory.support.DefaultSingletonBeanRegistry.getSingleton(DefaultSingletonBeanRegistry.java:230)
	at org.springframework.beans.factory.support.AbstractBeanFactory.doGetBean(AbstractBeanFactory.java:299)
	at org.springframework.beans.factory.support.AbstractBeanFactory.getBean(AbstractBeanFactory.java:194)
	at org.springframework.context.support.AbstractApplicationContext.getBean(AbstractApplicationContext.java:956)
	at org.springframework.context.support.AbstractApplicationContext.finishBeanFactoryInitialization(AbstractApplicationContext.java:747)
	at org.springframework.context.support.AbstractApplicationContext.refresh(AbstractApplicationContext.java:480)
	at org.springframework.boot.context.embedded.EmbeddedWebApplicationContext.refresh(EmbeddedWebApplicationContext.java:118)
	at org.springframework.boot.SpringApplication.refresh(SpringApplication.java:687)
	at org.springframework.boot.SpringApplication.run(SpringApplication.java:321)
	at org.springframework.boot.SpringApplication.run(SpringApplication.java:967)
	at org.springframework.boot.SpringApplication.run(SpringApplication.java:956)
	at com.naidachang.inventoryManagement.App.main(App.java:13)
	at sun.reflect.NativeMethodAccessorImpl.invoke0(Native Method)
	at sun.reflect.NativeMethodAccessorImpl.invoke(Unknown Source)
	at sun.reflect.DelegatingMethodAccessorImpl.invoke(Unknown Source)
	at java.lang.reflect.Method.invoke(Unknown Source)
	at org.springframework.boot.maven.RunMojo$LaunchRunner.run(RunMojo.java:418)
	at java.lang.Thread.run(Unknown Source)
2021-01-17 02:48:49.216  INFO LAPTOP-1KVCADPT
			--- [ment.App.main()] o.h.t.h.SchemaExport                     : HHH000230: Schema export complete
2021-01-17 02:48:49.495  INFO LAPTOP-1KVCADPT
			--- [ment.App.main()] s.w.s.m.m.a.RequestMappingHandlerAdapter : Looking for @ControllerAdvice: org.springframework.boot.context.embedded.AnnotationConfigEmbeddedWebApplicationContext@74c71cd4: startup date [Sun Jan 17 02:48:45 PST 2021]; root of context hierarchy
2021-01-17 02:48:49.546  INFO LAPTOP-1KVCADPT
			--- [ment.App.main()] s.w.s.m.m.a.RequestMappingHandlerMapping : Mapped "{[/customers/{id}],methods=[GET]}" onto public org.springframework.http.ResponseEntity<java.lang.Object> com.naidachang.inventoryManagement.controller.CustomerController.getCustomer(java.lang.Long)
2021-01-17 02:48:49.548  INFO LAPTOP-1KVCADPT
			--- [ment.App.main()] s.w.s.m.m.a.RequestMappingHandlerMapping : Mapped "{[/customers],methods=[GET]}" onto public org.springframework.http.ResponseEntity<java.lang.Object> com.naidachang.inventoryManagement.controller.CustomerController.getCustomers()
2021-01-17 02:48:49.550  INFO LAPTOP-1KVCADPT
			--- [ment.App.main()] s.w.s.m.m.a.RequestMappingHandlerMapping : Mapped "{[/customers/{id}],methods=[PUT]}" onto public org.springframework.http.ResponseEntity<java.lang.Object> com.naidachang.inventoryManagement.controller.CustomerController.updateCustomer(com.naidachang.inventoryManagement.entity.Customer,java.lang.Long)
2021-01-17 02:48:49.552  INFO LAPTOP-1KVCADPT
			--- [ment.App.main()] s.w.s.m.m.a.RequestMappingHandlerMapping : Mapped "{[/customers],methods=[POST]}" onto public org.springframework.http.ResponseEntity<java.lang.Object> com.naidachang.inventoryManagement.controller.CustomerController.createCustomer(com.naidachang.inventoryManagement.entity.Customer)
2021-01-17 02:48:49.554  INFO LAPTOP-1KVCADPT
			--- [ment.App.main()] s.w.s.m.m.a.RequestMappingHandlerMapping : Mapped "{[/customers/{id}],methods=[DELETE]}" onto public org.springframework.http.ResponseEntity<java.lang.Object> com.naidachang.inventoryManagement.controller.CustomerController.deleteCustomer(java.lang.Long)
2021-01-17 02:48:49.555  INFO LAPTOP-1KVCADPT
			--- [ment.App.main()] s.w.s.m.m.a.RequestMappingHandlerMapping : Mapped "{[/customers/{id}/orders/{orderId}],methods=[PUT]}" onto public org.springframework.http.ResponseEntity<java.lang.Object> com.naidachang.inventoryManagement.controller.OrderController.updateOrder(com.naidachang.inventoryManagement.entity.Order,java.lang.Long)
2021-01-17 02:48:49.557  INFO LAPTOP-1KVCADPT
			--- [ment.App.main()] s.w.s.m.m.a.RequestMappingHandlerMapping : Mapped "{[/customers/{id}/orders],methods=[POST]}" onto public org.springframework.http.ResponseEntity<java.lang.Object> com.naidachang.inventoryManagement.controller.OrderController.createCustomer(java.util.Set<java.lang.Long>,java.lang.Long)
2021-01-17 02:48:49.558  INFO LAPTOP-1KVCADPT
			--- [ment.App.main()] s.w.s.m.m.a.RequestMappingHandlerMapping : Mapped "{[/products/{id}],methods=[PUT]}" onto public org.springframework.http.ResponseEntity<java.lang.Object> com.naidachang.inventoryManagement.controller.ProductController.updateProduct(com.naidachang.inventoryManagement.entity.Product,java.lang.Long)
2021-01-17 02:48:49.560  INFO LAPTOP-1KVCADPT
			--- [ment.App.main()] s.w.s.m.m.a.RequestMappingHandlerMapping : Mapped "{[/products],methods=[GET]}" onto public org.springframework.http.ResponseEntity<java.lang.Object> com.naidachang.inventoryManagement.controller.ProductController.getProducts()
2021-01-17 02:48:49.561  INFO LAPTOP-1KVCADPT
			--- [ment.App.main()] s.w.s.m.m.a.RequestMappingHandlerMapping : Mapped "{[/products/{id}],methods=[DELETE]}" onto public org.springframework.http.ResponseEntity<java.lang.Object> com.naidachang.inventoryManagement.controller.ProductController.deleteProduct(java.lang.Long)
2021-01-17 02:48:49.564  INFO LAPTOP-1KVCADPT
			--- [ment.App.main()] s.w.s.m.m.a.RequestMappingHandlerMapping : Mapped "{[/products],methods=[POST]}" onto public org.springframework.http.ResponseEntity<java.lang.Object> com.naidachang.inventoryManagement.controller.ProductController.createProduct(com.naidachang.inventoryManagement.entity.Product)
2021-01-17 02:48:49.566  INFO LAPTOP-1KVCADPT
			--- [ment.App.main()] s.w.s.m.m.a.RequestMappingHandlerMapping : Mapped "{[/error],produces=[text/html]}" onto public org.springframework.web.servlet.ModelAndView org.springframework.boot.autoconfigure.web.BasicErrorController.errorHtml(javax.servlet.http.HttpServletRequest)
2021-01-17 02:48:49.568  INFO LAPTOP-1KVCADPT
			--- [ment.App.main()] s.w.s.m.m.a.RequestMappingHandlerMapping : Mapped "{[/error]}" onto public org.springframework.http.ResponseEntity<java.util.Map<java.lang.String, java.lang.Object>> org.springframework.boot.autoconfigure.web.BasicErrorController.error(javax.servlet.http.HttpServletRequest)
2021-01-17 02:48:49.587  INFO LAPTOP-1KVCADPT
			--- [ment.App.main()] o.s.w.s.h.SimpleUrlHandlerMapping        : Mapped URL path [/webjars/**] onto handler of type [class org.springframework.web.servlet.resource.ResourceHttpRequestHandler]
2021-01-17 02:48:49.588  INFO LAPTOP-1KVCADPT
			--- [ment.App.main()] o.s.w.s.h.SimpleUrlHandlerMapping        : Mapped URL path [/**] onto handler of type [class org.springframework.web.servlet.resource.ResourceHttpRequestHandler]
2021-01-17 02:48:49.615  INFO LAPTOP-1KVCADPT
			--- [ment.App.main()] o.s.w.s.h.SimpleUrlHandlerMapping        : Mapped URL path [/**/favicon.ico] onto handler of type [class org.springframework.web.servlet.resource.ResourceHttpRequestHandler]
2021-01-17 02:48:49.896  INFO LAPTOP-1KVCADPT
			--- [ment.App.main()] o.s.j.e.a.AnnotationMBeanExporter        : Registering beans for JMX exposure on startup
2021-01-17 02:48:49.920  INFO LAPTOP-1KVCADPT
			--- [ment.App.main()] o.a.c.h.Http11NioProtocol                : Initializing ProtocolHandler ["http-nio-8080"]
2021-01-17 02:48:49.926  INFO LAPTOP-1KVCADPT
			--- [ment.App.main()] o.a.c.h.Http11NioProtocol                : Starting ProtocolHandler ["http-nio-8080"]
2021-01-17 02:48:49.935  INFO LAPTOP-1KVCADPT
			--- [ment.App.main()] o.a.t.u.n.NioSelectorPool                : Using a shared selector for servlet write/read
2021-01-17 02:48:49.946  INFO LAPTOP-1KVCADPT
			--- [ment.App.main()] s.b.c.e.t.TomcatEmbeddedServletContainer : Tomcat started on port(s): 8080 (http)
2021-01-17 02:48:49.947  INFO LAPTOP-1KVCADPT
			--- [ment.App.main()] c.n.i.App                                : Started App in 4.414 seconds (JVM running for 6.755)
2021-01-17 02:49:37.129  INFO LAPTOP-1KVCADPT
			--- [nio-8080-exec-1] o.a.c.c.C.[.[.[/]                        : Initializing Spring FrameworkServlet 'dispatcherServlet'
2021-01-17 02:49:37.132  INFO LAPTOP-1KVCADPT
			--- [nio-8080-exec-1] o.s.w.s.DispatcherServlet                : FrameworkServlet 'dispatcherServlet': initialization started
2021-01-17 02:49:37.156  INFO LAPTOP-1KVCADPT
			--- [nio-8080-exec-1] o.s.w.s.DispatcherServlet                : FrameworkServlet 'dispatcherServlet': initialization completed in 23 ms
